<?xml version="1.0" encoding="UTF-8"?>
<testng-results skipped="0" failed="0" ignored="0" total="1" passed="1">
  <reporter-output>
    <line>
      <![CDATA[Expected Page actiTIME - Login is Displayed]]>
    </line>
    <line>
      <![CDATA[Expected Page actiTIME - Enter Time-Track is Displayed]]>
    </line>
  </reporter-output>
  <suite name="Default suite" duration-ms="14410" started-at="2018-02-22T20:59:13Z" finished-at="2018-02-22T20:59:27Z">
    <groups>
    </groups>
    <test name="Default test" duration-ms="14410" started-at="2018-02-22T20:59:13Z" finished-at="2018-02-22T20:59:27Z">
      <class name="script.ValidLogin">
        <test-method status="PASS" signature="openApplication()[pri:0, instance:script.ValidLogin@7a765367]" name="openApplication" is-config="true" duration-ms="8362" started-at="2018-02-22T20:59:13Z" finished-at="2018-02-22T20:59:21Z">
          <reporter-output>
          </reporter-output>
        </test-method> <!-- openApplication -->
        <test-method status="PASS" signature="testValidLogin()[pri:0, instance:script.ValidLogin@7a765367]" name="testValidLogin" duration-ms="3261" started-at="2018-02-22T20:59:21Z" finished-at="2018-02-22T20:59:24Z">
          <reporter-output>
            <line>
              <![CDATA[Expected Page actiTIME - Login is Displayed]]>
            </line>
            <line>
              <![CDATA[Expected Page actiTIME - Enter Time-Track is Displayed]]>
            </line>
          </reporter-output>
        </test-method> <!-- testValidLogin -->
        <test-method status="PASS" signature="closeApplication(org.testng.ITestResult)[pri:0, instance:script.ValidLogin@7a765367]" name="closeApplication" is-config="true" duration-ms="2761" started-at="2018-02-22T20:59:24Z" finished-at="2018-02-22T20:59:27Z">
          <params>
            <param index="0">
              <value>
                <![CDATA[[TestResult name=testValidLogin status=SUCCESS method=ValidLogin.testValidLogin()[pri:0, instance:script.ValidLogin@7a765367] output=Expected Page actiTIME - Login is Displayed]]]>
              </value>
            </param>
          </params>
          <reporter-output>
          </reporter-output>
        </test-method> <!-- closeApplication -->
      </class> <!-- script.ValidLogin -->
    </test> <!-- Default test -->
  </suite> <!-- Default suite -->
</testng-results>
